0 info it worked if it ends with ok
1 verbose cli [ 'C:\\Program Files (x86)\\nodejs\\node.exe',
1 verbose cli   'C:\\Program Files (x86)\\nodejs\\node_modules\\npm\\bin\\npm-cli.js',
1 verbose cli   'run',
1 verbose cli   'go' ]
2 info using npm@2.14.20
3 info using node@v4.4.0
4 verbose run-script [ 'prego', 'go', 'postgo' ]
5 info prego ormso@0.0.145
6 info go ormso@0.0.145
7 verbose unsafe-perm in lifecycle true
8 info ormso@0.0.145 Failed to exec go script
9 verbose stack Error: ormso@0.0.145 go: `npm run build && npm publish`
9 verbose stack Exit status 1
9 verbose stack     at EventEmitter.<anonymous> (C:\Program Files (x86)\nodejs\node_modules\npm\lib\utils\lifecycle.js:214:16)
9 verbose stack     at emitTwo (events.js:87:13)
9 verbose stack     at EventEmitter.emit (events.js:172:7)
9 verbose stack     at ChildProcess.<anonymous> (C:\Program Files (x86)\nodejs\node_modules\npm\lib\utils\spawn.js:24:14)
9 verbose stack     at emitTwo (events.js:87:13)
9 verbose stack     at ChildProcess.emit (events.js:172:7)
9 verbose stack     at maybeClose (internal/child_process.js:827:16)
9 verbose stack     at Process.ChildProcess._handle.onexit (internal/child_process.js:211:5)
10 verbose pkgid ormso@0.0.145
11 verbose cwd C:\Projects\ORMSO
12 error Windows_NT 10.0.10586
13 error argv "C:\\Program Files (x86)\\nodejs\\node.exe" "C:\\Program Files (x86)\\nodejs\\node_modules\\npm\\bin\\npm-cli.js" "run" "go"
14 error node v4.4.0
15 error npm  v2.14.20
16 error code ELIFECYCLE
17 error ormso@0.0.145 go: `npm run build && npm publish`
17 error Exit status 1
18 error Failed at the ormso@0.0.145 go script 'npm run build && npm publish'.
18 error This is most likely a problem with the ormso package,
18 error not with npm itself.
18 error Tell the author that this fails on your system:
18 error     npm run build && npm publish
18 error You can get information on how to open an issue for this project with:
18 error     npm bugs ormso
18 error Or if that isn't available, you can get their info via:
18 error
18 error     npm owner ls ormso
18 error There is likely additional logging output above.
19 verbose exit [ 1, true ]
